<?xml version="1.0" encoding="UTF-8"?>
<testng-results ignored="0" total="4" passed="4" failed="0" skipped="0">
  <reporter-output>
    <line>
      <![CDATA[hello java]]>
    </line>
    <line>
      <![CDATA[hello selenium]]>
    </line>
    <line>
      <![CDATA[hello python]]>
    </line>
    <line>
      <![CDATA[hello java selenium]]>
    </line>
  </reporter-output>
  <suite started-at="2022-12-28T05:35:59 PST" name="Suite" finished-at="2022-12-28T05:35:59 PST" duration-ms="148">
    <groups>
    </groups>
    <test started-at="2022-12-28T05:35:59 PST" name="Test" finished-at="2022-12-28T05:35:59 PST" duration-ms="148">
      <class name="scripts.Tc3">
        <test-method signature="demo()[pri:0, instance:scripts.Tc3@24fcf36f]" started-at="2022-12-28T05:35:59 PST" name="demo" finished-at="2022-12-28T05:35:59 PST" duration-ms="2" status="PASS">
          <reporter-output>
            <line>
              <![CDATA[hello python]]>
            </line>
          </reporter-output>
        </test-method> <!-- demo -->
      </class> <!-- scripts.Tc3 -->
      <class name="scripts.Tc4">
        <test-method signature="demo()[pri:0, instance:scripts.Tc4@10feca44]" started-at="2022-12-28T05:35:59 PST" name="demo" finished-at="2022-12-28T05:35:59 PST" duration-ms="4" status="PASS">
          <reporter-output>
            <line>
              <![CDATA[hello java selenium]]>
            </line>
          </reporter-output>
        </test-method> <!-- demo -->
      </class> <!-- scripts.Tc4 -->
      <class name="scripts.Tc1">
        <test-method signature="demo()[pri:0, instance:scripts.Tc1@22e357dc]" started-at="2022-12-28T05:35:59 PST" name="demo" finished-at="2022-12-28T05:35:59 PST" duration-ms="18" status="PASS">
          <reporter-output>
            <line>
              <![CDATA[hello java]]>
            </line>
          </reporter-output>
        </test-method> <!-- demo -->
      </class> <!-- scripts.Tc1 -->
      <class name="scripts.Tc2">
        <test-method signature="demo()[pri:0, instance:scripts.Tc2@7ea9e1e2]" started-at="2022-12-28T05:35:59 PST" name="demo" finished-at="2022-12-28T05:35:59 PST" duration-ms="2" status="PASS">
          <reporter-output>
            <line>
              <![CDATA[hello selenium]]>
            </line>
          </reporter-output>
        </test-method> <!-- demo -->
      </class> <!-- scripts.Tc2 -->
    </test> <!-- Test -->
  </suite> <!-- Suite -->
</testng-results>
